<?xml version="1.0" encoding="UTF-8"?>
<!-- Generated by org.testng.reporters.JUnitXMLReporter -->
<testsuite hostname="Lenovo-PC" name="Test1" tests="3" failures="0" timestamp="10 Dec 2017 11:40:38 GMT" time="0.083" errors="0">
  <testcase name="third" time="0.007" classname="com.selenium.test.Selenium16Maven.TestSaurab"/>
  <testcase name="first" time="0.001" classname="com.selenium.test.Selenium16Maven.TestSaurab"/>
  <testcase name="second" time="0.0" classname="com.selenium.test.Selenium16Maven.TestSaurab"/>
</testsuite> <!-- Test1 -->
