<?xml version="1.0" encoding="UTF-8"?>
<!-- Generated by org.testng.reporters.JUnitXMLReporter -->
<testsuite hostname="Lenovo-PC" name="Regression" tests="3" failures="0" timestamp="10 Dec 2017 11:39:38 GMT" time="0.125" errors="0">
  <testcase name="third" time="0.061" classname="com.selenium.test.Selenium16Maven.TestSaurab"/>
  <testcase name="first" time="0.004" classname="com.selenium.test.Selenium16Maven.TestSaurab"/>
  <testcase name="second" time="0.002" classname="com.selenium.test.Selenium16Maven.TestSaurab"/>
</testsuite> <!-- Regression -->
