<?xml version="1.0" encoding="UTF-8"?>
<testng-results skipped="0" failed="0" total="3" passed="3">
  <reporter-output>
  </reporter-output>
  <suite name="Default suite" duration-ms="46710" started-at="2018-01-17T02:58:52Z" finished-at="2018-01-17T02:59:38Z">
    <groups>
    </groups>
    <test name="Default test" duration-ms="46710" started-at="2018-01-17T02:58:52Z" finished-at="2018-01-17T02:59:38Z">
      <class name="page.object.model.MyMainClass">
        <test-method status="PASS" signature="setup()[pri:0, instance:page.object.model.MyMainClass@6e8dacdf]" name="setup" is-config="true" duration-ms="16993" started-at="2018-01-17T08:28:52Z" finished-at="2018-01-17T08:29:09Z">
          <reporter-output>
          </reporter-output>
        </test-method> <!-- setup -->
        <test-method status="PASS" signature="signUp()[pri:1, instance:page.object.model.MyMainClass@6e8dacdf]" name="signUp" duration-ms="24638" started-at="2018-01-17T08:29:09Z" finished-at="2018-01-17T08:29:33Z">
          <reporter-output>
          </reporter-output>
        </test-method> <!-- signUp -->
        <test-method status="PASS" signature="login()[pri:2, instance:page.object.model.MyMainClass@6e8dacdf]" name="login" duration-ms="3053" started-at="2018-01-17T08:29:33Z" finished-at="2018-01-17T08:29:36Z">
          <reporter-output>
          </reporter-output>
        </test-method> <!-- login -->
        <test-method status="PASS" signature="product()[pri:3, instance:page.object.model.MyMainClass@6e8dacdf]" name="product" duration-ms="1" started-at="2018-01-17T08:29:36Z" finished-at="2018-01-17T08:29:36Z">
          <reporter-output>
          </reporter-output>
        </test-method> <!-- product -->
        <test-method status="PASS" signature="teardown()[pri:0, instance:page.object.model.MyMainClass@6e8dacdf]" name="teardown" is-config="true" duration-ms="2001" started-at="2018-01-17T08:29:36Z" finished-at="2018-01-17T08:29:38Z">
          <reporter-output>
          </reporter-output>
        </test-method> <!-- teardown -->
      </class> <!-- page.object.model.MyMainClass -->
    </test> <!-- Default test -->
  </suite> <!-- Default suite -->
</testng-results>
